build/outputs/logs/manifest-merger-debug-report.txt
-- Merging decision tree log ---
manifest
ADDED from XPlayer\AndroidManifest.xml:2:1-96:12
	package
		ADDED from XPlayer\AndroidManifest.xml:3:5-27
		INJECTED from XPlayer\AndroidManifest.xml
		INJECTED from XPlayer\AndroidManifest.xml
	android:versionName
		ADDED from XPlayer\AndroidManifest.xml:5:5-30
		INJECTED from XPlayer\AndroidManifest.xml
		INJECTED from XPlayer\AndroidManifest.xml
	android:versionCode
		ADDED from XPlayer\AndroidManifest.xml:4:5-28
		INJECTED from XPlayer\AndroidManifest.xml
		INJECTED from XPlayer\AndroidManifest.xml
	xmlns:android
		ADDED from XPlayer\AndroidManifest.xml:2:11-69
uses-sdk
ADDED from XPlayer\AndroidManifest.xml:7:5-9:41
	android:targetSdkVersion
		ADDED from XPlayer\AndroidManifest.xml:9:9-38
		INJECTED from XPlayer\AndroidManifest.xml
		INJECTED from XPlayer\AndroidManifest.xml
	android:minSdkVersion
		ADDED from XPlayer\AndroidManifest.xml:8:9-35
		INJECTED from XPlayer\AndroidManifest.xml
		INJECTED from XPlayer\AndroidManifest.xml
uses-permission#android.permission.INTERNET
ADDED from XPlayer\AndroidManifest.xml:11:5-66
MERGED from [eclipseWorkspace:InitActivity:unspecified] AndroidManifest.xml:8:5-67
	android:name
		ADDED from XPlayer\AndroidManifest.xml:11:22-64
uses-permission#android.permission.READ_EXTERNAL_STORAGE
ADDED from XPlayer\AndroidManifest.xml:12:5-79
	android:name
		ADDED from XPlayer\AndroidManifest.xml:12:22-77
uses-permission#android.permission.WRITE_EXTERNAL_STORAGE
ADDED from XPlayer\AndroidManifest.xml:13:5-80
	android:name
		ADDED from XPlayer\AndroidManifest.xml:13:22-78
uses-permission#android.permission.ACCESS_NETWORK_STATE
ADDED from XPlayer\AndroidManifest.xml:14:5-78
MERGED from [eclipseWorkspace:InitActivity:unspecified] AndroidManifest.xml:9:5-79
	android:name
		ADDED from XPlayer\AndroidManifest.xml:14:22-76
application
ADDED from XPlayer\AndroidManifest.xml:16:5-94:19
MERGED from [eclipseWorkspace:InitActivity:unspecified] AndroidManifest.xml:11:5-18:19
	android:label
		ADDED from XPlayer\AndroidManifest.xml:20:9-41
	android:allowBackup
		ADDED from XPlayer\AndroidManifest.xml:18:9-35
	android:icon
		ADDED from XPlayer\AndroidManifest.xml:19:9-38
	android:theme
		ADDED from XPlayer\AndroidManifest.xml:21:9-40
	android:name
		ADDED from XPlayer\AndroidManifest.xml:17:9-47
activity#com.xy.music.activity.HomeActivity
ADDED from XPlayer\AndroidManifest.xml:23:9-34:20
	android:screenOrientation
		ADDED from XPlayer\AndroidManifest.xml:26:13-49
	android:label
		ADDED from XPlayer\AndroidManifest.xml:25:13-45
	android:launchMode
		ADDED from XPlayer\AndroidManifest.xml:27:13-44
	android:theme
		ADDED from XPlayer\AndroidManifest.xml:28:13-72
	android:name
		ADDED from XPlayer\AndroidManifest.xml:24:13-62
intent-filter#android.intent.action.MAIN+android.intent.category.LAUNCHER
ADDED from XPlayer\AndroidManifest.xml:29:13-33:29
action#android.intent.action.MAIN
ADDED from XPlayer\AndroidManifest.xml:30:17-69
	android:name
		ADDED from XPlayer\AndroidManifest.xml:30:25-66
category#android.intent.category.LAUNCHER
ADDED from XPlayer\AndroidManifest.xml:32:17-77
	android:name
		ADDED from XPlayer\AndroidManifest.xml:32:27-74
activity#com.xy.music.activity.MenuBackgroundActivity
ADDED from XPlayer\AndroidManifest.xml:40:9-43:20
	android:screenOrientation
		ADDED from XPlayer\AndroidManifest.xml:41:13-49
	android:theme
		ADDED from XPlayer\AndroidManifest.xml:42:13-72
	android:name
		ADDED from XPlayer\AndroidManifest.xml:40:19-78
activity#com.xy.music.activity.MenuScanActivity
ADDED from XPlayer\AndroidManifest.xml:45:9-48:20
	android:screenOrientation
		ADDED from XPlayer\AndroidManifest.xml:46:13-49
	android:theme
		ADDED from XPlayer\AndroidManifest.xml:47:13-72
	android:name
		ADDED from XPlayer\AndroidManifest.xml:45:19-72
activity#com.xy.music.activity.MenuSettingActivity
ADDED from XPlayer\AndroidManifest.xml:50:9-53:20
	android:screenOrientation
		ADDED from XPlayer\AndroidManifest.xml:51:13-49
	android:theme
		ADDED from XPlayer\AndroidManifest.xml:52:13-72
	android:name
		ADDED from XPlayer\AndroidManifest.xml:50:19-75
activity#com.xy.music.activity.PlayQueueActivity
ADDED from XPlayer\AndroidManifest.xml:55:9-60:20
	android:screenOrientation
		ADDED from XPlayer\AndroidManifest.xml:58:13-49
	android:launchMode
		ADDED from XPlayer\AndroidManifest.xml:57:13-43
	android:theme
		ADDED from XPlayer\AndroidManifest.xml:59:13-79
	android:name
		ADDED from XPlayer\AndroidManifest.xml:56:13-67
activity#com.xy.music.activity.MusicListSearchActivity
ADDED from XPlayer\AndroidManifest.xml:62:9-66:20
	android:screenOrientation
		ADDED from XPlayer\AndroidManifest.xml:63:13-49
	android:windowSoftInputMode
		ADDED from XPlayer\AndroidManifest.xml:65:13-54
	android:theme
		ADDED from XPlayer\AndroidManifest.xml:64:13-72
	android:name
		ADDED from XPlayer\AndroidManifest.xml:62:19-79
activity#com.xy.music.activity.VideoListActivity
ADDED from XPlayer\AndroidManifest.xml:68:9-72:20
	android:screenOrientation
		ADDED from XPlayer\AndroidManifest.xml:69:13-49
	android:windowSoftInputMode
		ADDED from XPlayer\AndroidManifest.xml:71:13-54
	android:theme
		ADDED from XPlayer\AndroidManifest.xml:70:13-72
	android:name
		ADDED from XPlayer\AndroidManifest.xml:68:19-73
activity#com.xy.music.activity.VideoPlayActivity
ADDED from XPlayer\AndroidManifest.xml:74:9-78:20
	android:screenOrientation
		ADDED from XPlayer\AndroidManifest.xml:75:13-49
	android:windowSoftInputMode
		ADDED from XPlayer\AndroidManifest.xml:77:13-54
	android:theme
		ADDED from XPlayer\AndroidManifest.xml:76:13-72
	android:name
		ADDED from XPlayer\AndroidManifest.xml:74:19-73
activity#io.vov.vitamio.activity.InitActivity
ADDED from XPlayer\AndroidManifest.xml:80:9-85:63
MERGED from [eclipseWorkspace:InitActivity:unspecified] AndroidManifest.xml:12:9-17:63
	android:launchMode
		ADDED from XPlayer\AndroidManifest.xml:83:13-43
	android:windowSoftInputMode
		ADDED from XPlayer\AndroidManifest.xml:85:13-60
	android:configChanges
		ADDED from XPlayer\AndroidManifest.xml:82:13-113
	android:theme
		ADDED from XPlayer\AndroidManifest.xml:84:13-60
	android:name
		ADDED from XPlayer\AndroidManifest.xml:81:13-64
service#com.xy.music.service.MediaService
ADDED from XPlayer\AndroidManifest.xml:87:9-91:19
	android:name
		ADDED from XPlayer\AndroidManifest.xml:87:18-66
intent-filter#com.xy.music.service.MediaService
ADDED from XPlayer\AndroidManifest.xml:88:13-90:29
action#com.xy.music.service.MediaService
ADDED from XPlayer\AndroidManifest.xml:89:17-76
	android:name
		ADDED from XPlayer\AndroidManifest.xml:89:25-73
service#com.xy.music.service.SocketService
ADDED from XPlayer\AndroidManifest.xml:93:9-70
	android:name
		ADDED from XPlayer\AndroidManifest.xml:93:18-67
uses-permission#android.permission.WAKE_LOCK
ADDED from [eclipseWorkspace:InitActivity:unspecified] AndroidManifest.xml:7:5-68
	android:name
		ADDED from [eclipseWorkspace:InitActivity:unspecified] AndroidManifest.xml:7:22-65
android:uses-permission#android.permission.READ_PHONE_STATE
IMPLIED from XPlayer\AndroidManifest.xml:2:1-96:12 reason: io.vov.vitamio has a targetSdkVersion < 4